<?xml version="1.0" encoding="UTF-8"?>
<!-- Generated by org.testng.reporters.JUnitReportReporter -->
<testsuite hostname="Foyr-Dev-App" name="PageTest.testSKGHomeLogin" tests="1" failures="0" timestamp="15 Jun 2016 10:31:41 GMT" time="122.731" errors="0">
  <testcase name="testSKGHomeLogin" time="122.731" classname="PageTest.testSKGHomeLogin"/>
</testsuite> <!-- PageTest.testSKGHomeLogin -->
