<?xml version="1.0" encoding="UTF-8"?>
<!-- Generated by org.testng.reporters.JUnitReportReporter -->
<testsuite hostname="Foyr-Dev-App" name="tests.ziptest" tests="1" failures="0" timestamp="27 Jun 2016 18:07:42 GMT" time="0.947" errors="0">
  <testcase name="testCase" time="0.947" classname="tests.ziptest"/>
</testsuite> <!-- tests.ziptest -->
